NotificationApplication/app/build/intermediates/manifest_merge_blame_file/debug/manifest-merger-blame-debug-report.txt
1<?xml version="1.0" encoding="utf-8"?>
2<manifest xmlns:android="http://schemas.android.com/apk/res/android"
3    package="com.example.notificationapplication"
4    android:versionCode="1"
5    android:versionName="1.0" >
6
7    <uses-sdk
8        android:minSdkVersion="16"
8-->src\main\AndroidManifest.xml
9        android:targetSdkVersion="30" />
9-->src\main\AndroidManifest.xml
10
11    <uses-permission android:name="android.permission.VIBRATE" />
11-->src\main\AndroidManifest.xml:5:5-68
11-->src\main\AndroidManifest.xml:5:22-65
12
13    <application
13-->src\main\AndroidManifest.xml:7:5-27:19
14        android:allowBackup="true"
14-->src\main\AndroidManifest.xml:8:9-37
15        android:appComponentFactory="androidx.core.app.CoreComponentFactory"
15-->[androidx.core:core:1.1.0] AndroidManifest.xml:24:18-86
16        android:debuggable="true"
17        android:icon="@mipmap/ic_launcher"
17-->src\main\AndroidManifest.xml:9:9-45
18        android:label="@string/app_name"
18-->src\main\AndroidManifest.xml:10:9-43
19        android:roundIcon="@mipmap/ic_launcher_round"
19-->src\main\AndroidManifest.xml:11:9-56
20        android:supportsRtl="true"
20-->src\main\AndroidManifest.xml:12:9-37
21        android:testOnly="true"
22        android:theme="@style/Theme.NotificationApplication" >
22-->src\main\AndroidManifest.xml:13:9-63
23        <activity android:name="com.example.notificationapplication.MainActivity" >
23-->src\main\AndroidManifest.xml:15:9-20:20
23-->src\main\AndroidManifest.xml:15:19-47
24            <intent-filter>
24-->src\main\AndroidManifest.xml:16:13-19:29
25                <action android:name="android.intent.action.MAIN" />
25-->src\main\AndroidManifest.xml:17:17-69
25-->src\main\AndroidManifest.xml:17:25-66
26
27                <category android:name="android.intent.category.LAUNCHER" />
27-->src\main\AndroidManifest.xml:18:17-77
27-->src\main\AndroidManifest.xml:18:27-74
28            </intent-filter>
29        </activity>
30
31        <receiver
31-->src\main\AndroidManifest.xml:22:9-26:15
32            android:name="com.example.notificationapplication.MyNotificationPublisher"
32-->src\main\AndroidManifest.xml:23:13-53
33            android:enabled="true"
33-->src\main\AndroidManifest.xml:24:13-35
34            android:exported="false" />
34-->src\main\AndroidManifest.xml:25:13-37
35    </application>
36
37</manifest>